<?xml version="1.0" encoding="UTF-8"?>
<testng-results skipped="0" failed="0" total="1" passed="1">
  <reporter-output>
  </reporter-output>
  <suite name="Default suite" duration-ms="9186" started-at="2017-11-23T10:06:03Z" finished-at="2017-11-23T10:06:12Z">
    <groups>
    </groups>
    <test name="Default test" duration-ms="9186" started-at="2017-11-23T10:06:03Z" finished-at="2017-11-23T10:06:12Z">
      <class name="com.automation.testCases.LoginTestDemo">
        <test-method status="PASS" signature="login()[pri:0, instance:com.automation.testCases.LoginTestDemo@e45f292]" name="login" duration-ms="9171" started-at="2017-11-23T15:36:03Z" finished-at="2017-11-23T15:36:12Z">
          <reporter-output>
          </reporter-output>
        </test-method> <!-- login -->
      </class> <!-- com.automation.testCases.LoginTestDemo -->
    </test> <!-- Default test -->
  </suite> <!-- Default suite -->
</testng-results>
